Plugin v0.0.1 running on KiCad 9.0.7-unknown-202601191513~a6c3d7900c~ubuntu25.10.1 and Python 3.13.7 (main, Jan 22 2026, 20:15:57) [GCC 15.2.0] on linux.
Valid Board found for /home/frohro/Classes/Intro to Engineering/2026/Intro-to-CAD-2026/Intro-to-CAD-2026.kicad_sch
12 sheet instances entries in /home/frohro/Classes/Intro to Engineering/2026/Intro-to-CAD-2026/Intro-to-CAD-2026.kicad_sch
0 sheet instances entries in /home/frohro/Classes/Intro to Engineering/2026/Intro-to-CAD-2026/pcm1808.kicad_sch
0 sheet instances entries in /home/frohro/Classes/Intro to Engineering/2026/Intro-to-CAD-2026/cmos_oscillator.kicad_sch
0 sheet instances entries in /home/frohro/Classes/Intro to Engineering/2026/Intro-to-CAD-2026/dac.kicad_sch
0 sheet instances entries in /home/frohro/Classes/Intro to Engineering/2026/Intro-to-CAD-2026/si5351a.kicad_sch
0 sheet instances entries in /home/frohro/Classes/Intro to Engineering/2026/Intro-to-CAD-2026/qsd-sdr.kicad_sch
0 sheet instances entries in /home/frohro/Classes/Intro to Engineering/2026/Intro-to-CAD-2026/VDDA.kicad_sch
0 sheet instances entries in /home/frohro/Classes/Intro to Engineering/2026/Intro-to-CAD-2026/raspberry_pi_pico.kicad_sch
New Anchor not found
New Anchor not found
New Anchor not found
New Anchor not found
Anchor changed to S1
Enabled leaf: 1314eab6-d054-48f7-88b3-f0d5cb35f00b
Enabled leaf: 1d172d86-7589-4f73-960e-a08dc80ef343
Enabled leaf: 360bd6cb-8515-415a-b1e1-cedd8caa152c
Enabled leaf: 3aa3dec0-5ad1-4c27-a945-0a713a163b16
Enabled leaf: 81e179b3-10f3-4413-89ac-746efb52a96a
Root item: <wx._dataview.TreeListItem object at 0x7035490d5d00>
No Valid Child board for 0755f67c-fee2-4bb1-bfe0-4dfb08c04429
Valid board for 1314eab6-d054-48f7-88b3-f0d5cb35f00b
Valid child board for 
Instance is a branch: Root
No Valid Child board for 0755f67c-fee2-4bb1-bfe0-4dfb08c04429
Instance is a dead branch: /0755f67c-fee2-4bb1-bfe0-4dfb08c04429
Valid board for 1314eab6-d054-48f7-88b3-f0d5cb35f00b
Instance is a leaf: /1314eab6-d054-48f7-88b3-f0d5cb35f00b
No Valid Child board for 1bf8039c-3ec8-4592-8d3c-78300c63b601
Instance is a dead branch: /1bf8039c-3ec8-4592-8d3c-78300c63b601
Valid board for 1d172d86-7589-4f73-960e-a08dc80ef343
Instance is a leaf: /1d172d86-7589-4f73-960e-a08dc80ef343
Valid board for 360bd6cb-8515-415a-b1e1-cedd8caa152c
Instance is a leaf: /360bd6cb-8515-415a-b1e1-cedd8caa152c
Valid board for 3aa3dec0-5ad1-4c27-a945-0a713a163b16
Instance is a leaf: /3aa3dec0-5ad1-4c27-a945-0a713a163b16
No Valid Child board for 483699fc-423f-4ea3-8184-654c25c5d0a3
Instance is a dead branch: /483699fc-423f-4ea3-8184-654c25c5d0a3
Valid board for 81e179b3-10f3-4413-89ac-746efb52a96a
Instance is a leaf: /81e179b3-10f3-4413-89ac-746efb52a96a
No Valid Child board for b449cbea-6ac3-4d49-9a88-53bfdbd18b5c
Instance is a dead branch: /b449cbea-6ac3-4d49-9a88-53bfdbd18b5c
No Valid Child board for c5519ce3-55b4-441f-abb2-2c2467967554
Instance is a dead branch: /c5519ce3-55b4-441f-abb2-2c2467967554
No Valid Child board for ed314b6d-b133-4548-ae58-2db461511a12
Instance is a dead branch: /ed314b6d-b133-4548-ae58-2db461511a12
No Valid Child board for ed44bed7-549c-4a19-9507-4d924c35e7b0
Instance is a dead branch: /ed44bed7-549c-4a19-9507-4d924c35e7b0
subPcb selected Push Button with 2 anchors
Saving info for 1314eab6-d054-48f7-88b3-f0d5cb35f00b
Saving info for 1d172d86-7589-4f73-960e-a08dc80ef343
Saving info for 360bd6cb-8515-415a-b1e1-cedd8caa152c
Saving info for 3aa3dec0-5ad1-4c27-a945-0a713a163b16
Saving info for 81e179b3-10f3-4413-89ac-746efb52a96a
Saving anchor None for /home/frohro/Classes/Intro to Engineering/2026/Intro-to-CAD-2026/pcm1808.kicad_sch
Saving anchor C3 for /home/frohro/Classes/Intro to Engineering/2026/Intro-to-CAD-2026/Module_Andre/Module_Andre.kicad_sch
Saving anchor None for /home/frohro/Classes/Intro to Engineering/2026/Intro-to-CAD-2026/cmos_oscillator.kicad_sch
Saving anchor R5 for /home/frohro/Classes/Intro to Engineering/2026/Intro-to-CAD-2026/Module_KyleS/Module_KyleS.kicad_sch
Saving anchor J1 for /home/frohro/Classes/Intro to Engineering/2026/Intro-to-CAD-2026/Module_Joshua/Module_Joshua.kicad_sch
Saving anchor C64 for /home/frohro/Classes/Intro to Engineering/2026/Intro-to-CAD-2026/Module_JaronGarbi/Module_JaronGarbi.kicad_sch
Saving anchor None for /home/frohro/Classes/Intro to Engineering/2026/Intro-to-CAD-2026/dac.kicad_sch
Saving anchor S1 for /home/frohro/Classes/Intro to Engineering/2026/Intro-to-CAD-2026/Module_Micah/Module_Micah.kicad_sch
Saving anchor None for /home/frohro/Classes/Intro to Engineering/2026/Intro-to-CAD-2026/si5351a.kicad_sch
Saving anchor None for /home/frohro/Classes/Intro to Engineering/2026/Intro-to-CAD-2026/qsd-sdr.kicad_sch
Saving anchor None for /home/frohro/Classes/Intro to Engineering/2026/Intro-to-CAD-2026/VDDA.kicad_sch
Saving anchor None for /home/frohro/Classes/Intro to Engineering/2026/Intro-to-CAD-2026/raspberry_pi_pico.kicad_sch
Saved.
